<?xml version="1.0" encoding="UTF-8"?>
<testsuite xmlns:xsi="http://www.w3.org/2001/XMLSchema-instance" xsi:noNamespaceSchemaLocation="https://maven.apache.org/surefire/maven-surefire-plugin/xsd/surefire-test-report-3.0.xsd" version="3.0" name="ie.atu.the_passenger.PassengerTest" time="0.123" tests="10" errors="0" skipped="0" failures="0">
  <properties>
[...]
</properties>
  <testcase name="test_success_name_check" classname="ie.atu.the_passenger.PassengerTest" time="0.065"/>
  <testcase name="test_fail_title_check" classname="ie.atu.the_passenger.PassengerTest" time="0.004"/>
  <testcase name="test_fail_success_name_check" classname="ie.atu.the_passenger.PassengerTest" time="0.002"/>
  <testcase name="test_fail_id_check" classname="ie.atu.the_passenger.PassengerTest" time="0.002"/>
  <testcase name="test_success_phoneno_check" classname="ie.atu.the_passenger.PassengerTest" time="0.001"/>
  <testcase name="test_fail_age_check" classname="ie.atu.the_passenger.PassengerTest" time="0.001"/>
  <testcase name="test_success_id_check" classname="ie.atu.the_passenger.PassengerTest" time="0.001"/>
  <testcase name="test_success_age_check" classname="ie.atu.the_passenger.PassengerTest" time="0.001"/>
  <testcase name="test_success_title_check" classname="ie.atu.the_passenger.PassengerTest" time="0.001"/>
  <testcase name="test_fail_phoneno_check" classname="ie.atu.the_passenger.PassengerTest" time="0.001"/>
</testsuite>